<?xml version="1.0" encoding="UTF-8"?>
<!-- Generated by org.testng.reporters.JUnitXMLReporter -->
<testsuite hostname="G18KLHARJINDERS" name="Login_Windows" tests="1" failures="1" timestamp="14 Aug 2017 21:07:01 GMT" time="51.469" errors="0">
  <testcase name="Login_MyAccount_Verify_ValidUser" time="27.171" classname="com.propertyfinder.automation.propertyfinder.testcases.WindowLogin">
    <failure type="java.lang.AssertionError" message="expected [355 matching agents found] but found [2068 matching agents found]">
      <![CDATA[java.lang.AssertionError: expected [355 matching agents found] but found [2068 matching agents found]
	at com.propertyfinder.automation.propertyfinder.testcases.WindowLogin.Login_MyAccount_Verify_ValidUser(WindowLogin.java:60)
... Removed 38 stack frames]]>
    </failure>
  </testcase> <!-- Login_MyAccount_Verify_ValidUser -->
</testsuite> <!-- Login_Windows -->
