<?xml version="1.0" encoding="UTF-8"?>
<testsuite name="TestSuite" time="27.146" tests="1" errors="0" skipped="0" failures="1">
  <properties>
[...]
</properties>
  <testcase name="Login_MyAccount_Verify_ValidUser" classname="com.propertyfinder.automation.propertyfinder.testcases.WindowLogin" time="27.146">
    <failure message="expected [355 matching agents found] but found [2068 matching agents found]" type="java.lang.AssertionError">java.lang.AssertionError: expected [355 matching agents found] but found [2068 matching agents found]
	at org.testng.Assert.fail(Assert.java:94)
	at org.testng.Assert.failNotEquals(Assert.java:496)
	at org.testng.Assert.assertEquals(Assert.java:125)
	at org.testng.Assert.assertEquals(Assert.java:178)
	at org.testng.Assert.assertEquals(Assert.java:188)
	at com.propertyfinder.automation.propertyfinder.testcases.WindowLogin.Login_MyAccount_Verify_ValidUser(WindowLogin.java:60)
</failure>
    <system-out>agents2068 matching agents found
</system-out>
    <system-err><![CDATA[1502744770249	geckodriver	INFO	Listening on 127.0.0.1:13440
log4j:WARN No appenders could be found for logger (org.apache.http.client.protocol.RequestAddCookies).
log4j:WARN Please initialize the log4j system properly.
log4j:WARN See http://logging.apache.org/log4j/1.2/faq.html#noconfig for more info.
1502744771287	geckodriver::marionette	INFO	Starting browser \\?\C:\Program Files (x86)\Mozilla Firefox\firefox.exe with args ["-marionette"]
JavaScript error: resource://gre/modules/AddonManager.jsm150, line 1657: NS_ERROR_NOT_INITIALIZED: AddonManager is not initialized
2744772835	addons.manager	ERROR	startup failed: [Exception... "Component returned failure code: 0x80070057 (NS_ERROR_ILLEGAL_VALUE) [nsIFile.create]"  nsresult: "0x80070057 (NS_ERROR_ILLEGAL_VALUE)"  location: "JS frame :: resource://gre/modules/FileUtils.jsm :: FileUtils_getDir :: line 70"  data: no] Stack trace: FileUtils_getDir()@resource://gre/modules/FileUtils.jsm:70 < FileUtils_getFile()@resource://gre/modules/FileUtils.jsm:42 < validateBlocklist()@resource://gre/modules/AddonManager.jsm:674 < startup()@resource://gre/modules/AddonManager.jsm:837 < startup()@resource://gre/modules/AddonManager.jsm:3145 < observe()@resource://gre/components/addonManager.js:65
1502744778751	Marionette	INFO	Listening on port 55235
JavaScript error: resource://gre/modules/AddonManager.jsm, line 2572: NS_ERROR_NOT_INITIALIZED: AddonManager is not initialized
Aug 15, 2017 2:36:19 AM org.openqa.selenium.remote.ProtocolHandshake createSession
INFO: Detected dialect: W3C
JavaScript error: resource://gre/modules/FileUtils.jsm, line 70: NS_ERROR_ILLEGAL_VALUE: Component returned failure code: 0x80070057 (NS_ERROR_ILLEGAL_VALUE) [nsIFile.create]
]]></system-err>
  </testcase>
</testsuite>